2020-12-07 13:04:13.019 INFO  [18392] Logger 0 Initialized
2020-12-07 13:04:13.145 VERB  [18392] Module q8_usb-0.AI gained channel numbers [0, 1, 2, 3, 4, 5, 6, 7].
2020-12-07 13:04:13.145 VERB  [18392] Module q8_usb-0.AO gained channel numbers [0, 1, 2, 3, 4, 5, 6, 7].
2020-12-07 13:04:13.145 VERB  [18392] Module q8_usb-0.DI gained channel numbers [0, 1, 2, 3, 4, 5, 6, 7].
2020-12-07 13:04:13.145 VERB  [18392] Module q8_usb-0.DO gained channel numbers [0, 1, 2, 3, 4, 5, 6, 7].
2020-12-07 13:04:13.145 VERB  [18392] Module q8_usb-0.encoder gained channel numbers [0, 1, 2, 3, 4, 5, 6, 7].
2020-12-07 13:04:13.145 VERB  [18392] Module q8_usb-0.velocity gained channel numbers [0, 1, 2, 3, 4, 5, 6, 7].
2020-12-07 13:04:13.252 VERB  [18392] Set q8_usb-0 options to: ""
2020-12-07 13:04:13.252 VERB  [18392] Wrote q8_usb-0.AO expire analog expiration states.
2020-12-07 13:04:13.253 VERB  [18392] Wrote q8_usb-0.AO analog output ranges.
2020-12-07 13:04:13.253 VERB  [18392] Set q8_usb-0.DO channels [0, 1, 2, 3, 4, 5, 6, 7] directions to outputs.
2020-12-07 13:04:13.253 VERB  [18392] Wrote q8_usb-0.DO digital output expiration sates.
2020-12-07 13:04:13.264 VERB  [18392] Set q8_usb-0 options to: ""
2020-12-07 13:04:13.275 VERB  [18392] Wrote q8_usb-0.encoder quadrature factors.
2020-12-07 13:04:13.275 VERB  [18392] Stopped watchdog on q8_usb-0.watchdog.
2020-12-07 13:04:13.275 VERB  [18392] Cleared watchdog on q8_usb-0.watchdog.
2020-12-07 13:04:13.275 INFO  [18392] Opened q8_usb-0
2020-12-07 13:04:13.276 VERB  [18392] Enabled q8_usb-0
2020-12-07 13:05:02.951 VERB  [18392] Wrote q8_usb-0.encoder encoder counts.
2020-12-07 13:07:19.135 VERB  [18392] Disabled q8_usb-0
2020-12-07 13:07:19.135 VERB  [18392] Stopped watchdog on q8_usb-0.watchdog.
2020-12-07 13:07:19.135 VERB  [18392] Cleared watchdog on q8_usb-0.watchdog.
2020-12-07 13:07:19.146 INFO  [18392] Closed q8_usb-0
2020-12-07 13:07:50.699 INFO  [16680] Logger 0 Initialized
2020-12-07 13:07:50.831 VERB  [16680] Module q8_usb-0.AI gained channel numbers [0, 1, 2, 3, 4, 5, 6, 7].
2020-12-07 13:07:50.831 VERB  [16680] Module q8_usb-0.AO gained channel numbers [0, 1, 2, 3, 4, 5, 6, 7].
2020-12-07 13:07:50.831 VERB  [16680] Module q8_usb-0.DI gained channel numbers [0, 1, 2, 3, 4, 5, 6, 7].
2020-12-07 13:07:50.831 VERB  [16680] Module q8_usb-0.DO gained channel numbers [0, 1, 2, 3, 4, 5, 6, 7].
2020-12-07 13:07:50.831 VERB  [16680] Module q8_usb-0.encoder gained channel numbers [0, 1, 2, 3, 4, 5, 6, 7].
2020-12-07 13:07:50.831 VERB  [16680] Module q8_usb-0.velocity gained channel numbers [0, 1, 2, 3, 4, 5, 6, 7].
2020-12-07 13:07:50.856 VERB  [16680] Set q8_usb-0 options to: ""
2020-12-07 13:07:50.856 VERB  [16680] Wrote q8_usb-0.AO expire analog expiration states.
2020-12-07 13:07:50.856 VERB  [16680] Wrote q8_usb-0.AO analog output ranges.
2020-12-07 13:07:50.856 VERB  [16680] Set q8_usb-0.DO channels [0, 1, 2, 3, 4, 5, 6, 7] directions to outputs.
2020-12-07 13:07:50.856 VERB  [16680] Wrote q8_usb-0.DO digital output expiration sates.
2020-12-07 13:07:50.867 VERB  [16680] Set q8_usb-0 options to: ""
2020-12-07 13:07:50.877 VERB  [16680] Wrote q8_usb-0.encoder quadrature factors.
2020-12-07 13:07:50.878 VERB  [16680] Stopped watchdog on q8_usb-0.watchdog.
2020-12-07 13:07:50.878 VERB  [16680] Cleared watchdog on q8_usb-0.watchdog.
2020-12-07 13:07:50.878 INFO  [16680] Opened q8_usb-0
2020-12-07 13:07:50.878 VERB  [16680] Enabled q8_usb-0
2020-12-07 13:08:16.615 VERB  [16680] Disabled q8_usb-0
2020-12-07 13:08:16.616 VERB  [16680] Stopped watchdog on q8_usb-0.watchdog.
2020-12-07 13:08:16.616 VERB  [16680] Cleared watchdog on q8_usb-0.watchdog.
2020-12-07 13:08:16.626 INFO  [16680] Closed q8_usb-0
2020-12-07 13:08:36.038 INFO  [7924] Logger 0 Initialized
2020-12-07 13:08:36.169 VERB  [7924] Module q8_usb-0.AI gained channel numbers [0, 1, 2, 3, 4, 5, 6, 7].
2020-12-07 13:08:36.169 VERB  [7924] Module q8_usb-0.AO gained channel numbers [0, 1, 2, 3, 4, 5, 6, 7].
2020-12-07 13:08:36.169 VERB  [7924] Module q8_usb-0.DI gained channel numbers [0, 1, 2, 3, 4, 5, 6, 7].
2020-12-07 13:08:36.169 VERB  [7924] Module q8_usb-0.DO gained channel numbers [0, 1, 2, 3, 4, 5, 6, 7].
2020-12-07 13:08:36.169 VERB  [7924] Module q8_usb-0.encoder gained channel numbers [0, 1, 2, 3, 4, 5, 6, 7].
2020-12-07 13:08:36.169 VERB  [7924] Module q8_usb-0.velocity gained channel numbers [0, 1, 2, 3, 4, 5, 6, 7].
2020-12-07 13:08:36.194 VERB  [7924] Set q8_usb-0 options to: ""
2020-12-07 13:08:36.194 VERB  [7924] Wrote q8_usb-0.AO expire analog expiration states.
2020-12-07 13:08:36.194 VERB  [7924] Wrote q8_usb-0.AO analog output ranges.
2020-12-07 13:08:36.194 VERB  [7924] Set q8_usb-0.DO channels [0, 1, 2, 3, 4, 5, 6, 7] directions to outputs.
2020-12-07 13:08:36.194 VERB  [7924] Wrote q8_usb-0.DO digital output expiration sates.
2020-12-07 13:08:36.204 VERB  [7924] Set q8_usb-0 options to: ""
2020-12-07 13:08:36.214 VERB  [7924] Wrote q8_usb-0.encoder quadrature factors.
2020-12-07 13:08:36.214 VERB  [7924] Stopped watchdog on q8_usb-0.watchdog.
2020-12-07 13:08:36.214 VERB  [7924] Cleared watchdog on q8_usb-0.watchdog.
2020-12-07 13:08:36.214 INFO  [7924] Opened q8_usb-0
2020-12-07 13:08:36.216 VERB  [7924] Enabled q8_usb-0
2020-12-07 13:08:50.827 VERB  [7924] Disabled q8_usb-0
2020-12-07 13:08:50.827 VERB  [7924] Stopped watchdog on q8_usb-0.watchdog.
2020-12-07 13:08:50.827 VERB  [7924] Cleared watchdog on q8_usb-0.watchdog.
2020-12-07 13:08:50.837 INFO  [7924] Closed q8_usb-0
2020-12-07 13:09:14.661 INFO  [16340] Logger 0 Initialized
2020-12-07 13:09:14.794 VERB  [16340] Module q8_usb-0.AI gained channel numbers [0, 1, 2, 3, 4, 5, 6, 7].
2020-12-07 13:09:14.794 VERB  [16340] Module q8_usb-0.AO gained channel numbers [0, 1, 2, 3, 4, 5, 6, 7].
2020-12-07 13:09:14.794 VERB  [16340] Module q8_usb-0.DI gained channel numbers [0, 1, 2, 3, 4, 5, 6, 7].
2020-12-07 13:09:14.794 VERB  [16340] Module q8_usb-0.DO gained channel numbers [0, 1, 2, 3, 4, 5, 6, 7].
2020-12-07 13:09:14.794 VERB  [16340] Module q8_usb-0.encoder gained channel numbers [0, 1, 2, 3, 4, 5, 6, 7].
2020-12-07 13:09:14.794 VERB  [16340] Module q8_usb-0.velocity gained channel numbers [0, 1, 2, 3, 4, 5, 6, 7].
2020-12-07 13:09:14.819 VERB  [16340] Set q8_usb-0 options to: ""
2020-12-07 13:09:14.819 VERB  [16340] Wrote q8_usb-0.AO expire analog expiration states.
2020-12-07 13:09:14.819 VERB  [16340] Wrote q8_usb-0.AO analog output ranges.
2020-12-07 13:09:14.819 VERB  [16340] Set q8_usb-0.DO channels [0, 1, 2, 3, 4, 5, 6, 7] directions to outputs.
2020-12-07 13:09:14.819 VERB  [16340] Wrote q8_usb-0.DO digital output expiration sates.
2020-12-07 13:09:14.830 VERB  [16340] Set q8_usb-0 options to: ""
2020-12-07 13:09:14.841 VERB  [16340] Wrote q8_usb-0.encoder quadrature factors.
2020-12-07 13:09:14.841 VERB  [16340] Stopped watchdog on q8_usb-0.watchdog.
2020-12-07 13:09:14.841 VERB  [16340] Cleared watchdog on q8_usb-0.watchdog.
2020-12-07 13:09:14.841 INFO  [16340] Opened q8_usb-0
2020-12-07 13:09:14.842 VERB  [16340] Enabled q8_usb-0
2020-12-07 13:09:19.534 VERB  [16340] Disabled q8_usb-0
2020-12-07 13:09:19.534 VERB  [16340] Stopped watchdog on q8_usb-0.watchdog.
2020-12-07 13:09:19.534 VERB  [16340] Cleared watchdog on q8_usb-0.watchdog.
2020-12-07 13:09:19.544 INFO  [16340] Closed q8_usb-0
2020-12-07 13:09:26.514 INFO  [16928] Logger 0 Initialized
2020-12-07 13:09:26.653 VERB  [16928] Module q8_usb-0.AI gained channel numbers [0, 1, 2, 3, 4, 5, 6, 7].
2020-12-07 13:09:26.653 VERB  [16928] Module q8_usb-0.AO gained channel numbers [0, 1, 2, 3, 4, 5, 6, 7].
2020-12-07 13:09:26.653 VERB  [16928] Module q8_usb-0.DI gained channel numbers [0, 1, 2, 3, 4, 5, 6, 7].
2020-12-07 13:09:26.653 VERB  [16928] Module q8_usb-0.DO gained channel numbers [0, 1, 2, 3, 4, 5, 6, 7].
2020-12-07 13:09:26.653 VERB  [16928] Module q8_usb-0.encoder gained channel numbers [0, 1, 2, 3, 4, 5, 6, 7].
2020-12-07 13:09:26.653 VERB  [16928] Module q8_usb-0.velocity gained channel numbers [0, 1, 2, 3, 4, 5, 6, 7].
2020-12-07 13:09:26.679 VERB  [16928] Set q8_usb-0 options to: ""
2020-12-07 13:09:26.679 VERB  [16928] Wrote q8_usb-0.AO expire analog expiration states.
2020-12-07 13:09:26.679 VERB  [16928] Wrote q8_usb-0.AO analog output ranges.
2020-12-07 13:09:26.679 VERB  [16928] Set q8_usb-0.DO channels [0, 1, 2, 3, 4, 5, 6, 7] directions to outputs.
2020-12-07 13:09:26.679 VERB  [16928] Wrote q8_usb-0.DO digital output expiration sates.
2020-12-07 13:09:26.690 VERB  [16928] Set q8_usb-0 options to: ""
2020-12-07 13:09:26.701 VERB  [16928] Wrote q8_usb-0.encoder quadrature factors.
2020-12-07 13:09:26.701 VERB  [16928] Stopped watchdog on q8_usb-0.watchdog.
2020-12-07 13:09:26.701 VERB  [16928] Cleared watchdog on q8_usb-0.watchdog.
2020-12-07 13:09:26.701 INFO  [16928] Opened q8_usb-0
2020-12-07 13:09:26.702 VERB  [16928] Enabled q8_usb-0
2020-12-07 13:09:44.081 VERB  [16928] Wrote q8_usb-0.encoder encoder counts.
2020-12-07 13:11:29.741 VERB  [16928] Disabled q8_usb-0
2020-12-07 13:11:29.741 VERB  [16928] Stopped watchdog on q8_usb-0.watchdog.
2020-12-07 13:11:29.741 VERB  [16928] Cleared watchdog on q8_usb-0.watchdog.
2020-12-07 13:11:29.753 INFO  [16928] Closed q8_usb-0
2020-12-07 13:28:08.646 INFO  [17152] Logger 0 Initialized
2020-12-07 13:28:08.777 VERB  [17152] Module q8_usb-0.AI gained channel numbers [0, 1, 2, 3, 4, 5, 6, 7].
2020-12-07 13:28:08.777 VERB  [17152] Module q8_usb-0.AO gained channel numbers [0, 1, 2, 3, 4, 5, 6, 7].
2020-12-07 13:28:08.777 VERB  [17152] Module q8_usb-0.DI gained channel numbers [0, 1, 2, 3, 4, 5, 6, 7].
2020-12-07 13:28:08.777 VERB  [17152] Module q8_usb-0.DO gained channel numbers [0, 1, 2, 3, 4, 5, 6, 7].
2020-12-07 13:28:08.777 VERB  [17152] Module q8_usb-0.encoder gained channel numbers [0, 1, 2, 3, 4, 5, 6, 7].
2020-12-07 13:28:08.777 VERB  [17152] Module q8_usb-0.velocity gained channel numbers [0, 1, 2, 3, 4, 5, 6, 7].
2020-12-07 13:28:08.801 VERB  [17152] Set q8_usb-0 options to: ""
2020-12-07 13:28:08.801 VERB  [17152] Wrote q8_usb-0.AO expire analog expiration states.
2020-12-07 13:28:08.802 VERB  [17152] Wrote q8_usb-0.AO analog output ranges.
2020-12-07 13:28:08.802 VERB  [17152] Set q8_usb-0.DO channels [0, 1, 2, 3, 4, 5, 6, 7] directions to outputs.
2020-12-07 13:28:08.802 VERB  [17152] Wrote q8_usb-0.DO digital output expiration sates.
2020-12-07 13:28:08.812 VERB  [17152] Set q8_usb-0 options to: ""
2020-12-07 13:28:08.822 VERB  [17152] Wrote q8_usb-0.encoder quadrature factors.
2020-12-07 13:28:08.822 VERB  [17152] Stopped watchdog on q8_usb-0.watchdog.
2020-12-07 13:28:08.822 VERB  [17152] Cleared watchdog on q8_usb-0.watchdog.
2020-12-07 13:28:08.822 INFO  [17152] Opened q8_usb-0
2020-12-07 13:28:08.823 VERB  [17152] Enabled q8_usb-0
2020-12-07 13:29:01.439 VERB  [17152] Disabled q8_usb-0
2020-12-07 13:29:01.440 VERB  [17152] Stopped watchdog on q8_usb-0.watchdog.
2020-12-07 13:29:01.440 VERB  [17152] Cleared watchdog on q8_usb-0.watchdog.
2020-12-07 13:29:01.451 INFO  [17152] Closed q8_usb-0
2020-12-07 14:02:17.412 INFO  [15792] Logger 0 Initialized
2020-12-07 14:02:17.540 VERB  [15792] Module q8_usb-0.AI gained channel numbers [0, 1, 2, 3, 4, 5, 6, 7].
2020-12-07 14:02:17.540 VERB  [15792] Module q8_usb-0.AO gained channel numbers [0, 1, 2, 3, 4, 5, 6, 7].
2020-12-07 14:02:17.540 VERB  [15792] Module q8_usb-0.DI gained channel numbers [0, 1, 2, 3, 4, 5, 6, 7].
2020-12-07 14:02:17.540 VERB  [15792] Module q8_usb-0.DO gained channel numbers [0, 1, 2, 3, 4, 5, 6, 7].
2020-12-07 14:02:17.540 VERB  [15792] Module q8_usb-0.encoder gained channel numbers [0, 1, 2, 3, 4, 5, 6, 7].
2020-12-07 14:02:17.540 VERB  [15792] Module q8_usb-0.velocity gained channel numbers [0, 1, 2, 3, 4, 5, 6, 7].
2020-12-07 14:02:17.627 VERB  [15792] Set q8_usb-0 options to: ""
2020-12-07 14:02:17.627 VERB  [15792] Wrote q8_usb-0.AO expire analog expiration states.
2020-12-07 14:02:17.628 VERB  [15792] Wrote q8_usb-0.AO analog output ranges.
2020-12-07 14:02:17.628 VERB  [15792] Set q8_usb-0.DO channels [0, 1, 2, 3, 4, 5, 6, 7] directions to outputs.
2020-12-07 14:02:17.628 VERB  [15792] Wrote q8_usb-0.DO digital output expiration sates.
2020-12-07 14:02:17.638 VERB  [15792] Set q8_usb-0 options to: ""
2020-12-07 14:02:17.649 VERB  [15792] Wrote q8_usb-0.encoder quadrature factors.
2020-12-07 14:02:17.650 VERB  [15792] Stopped watchdog on q8_usb-0.watchdog.
2020-12-07 14:02:17.650 VERB  [15792] Cleared watchdog on q8_usb-0.watchdog.
2020-12-07 14:02:17.650 INFO  [15792] Opened q8_usb-0
2020-12-07 14:02:17.650 VERB  [15792] Enabled q8_usb-0
2020-12-07 14:10:54.535 VERB  [15792] Wrote q8_usb-0.encoder encoder counts.
2020-12-07 15:13:02.506 VERB  [15792] Disabled q8_usb-0
2020-12-07 15:13:02.507 VERB  [15792] Stopped watchdog on q8_usb-0.watchdog.
2020-12-07 15:13:02.507 VERB  [15792] Cleared watchdog on q8_usb-0.watchdog.
2020-12-07 15:13:02.519 INFO  [15792] Closed q8_usb-0
2020-12-08 16:33:21.839 INFO  [39704] Logger 0 Initialized
2020-12-08 16:33:21.988 VERB  [39704] Module q8_usb-0.AI gained channel numbers [0, 1, 2, 3, 4, 5, 6, 7].
2020-12-08 16:33:21.988 VERB  [39704] Module q8_usb-0.AO gained channel numbers [0, 1, 2, 3, 4, 5, 6, 7].
2020-12-08 16:33:21.988 VERB  [39704] Module q8_usb-0.DI gained channel numbers [0, 1, 2, 3, 4, 5, 6, 7].
2020-12-08 16:33:21.988 VERB  [39704] Module q8_usb-0.DO gained channel numbers [0, 1, 2, 3, 4, 5, 6, 7].
2020-12-08 16:33:21.988 VERB  [39704] Module q8_usb-0.encoder gained channel numbers [0, 1, 2, 3, 4, 5, 6, 7].
2020-12-08 16:33:21.988 VERB  [39704] Module q8_usb-0.velocity gained channel numbers [0, 1, 2, 3, 4, 5, 6, 7].
2020-12-08 16:33:22.028 VERB  [39704] Set q8_usb-0 options to: ""
2020-12-08 16:33:22.028 VERB  [39704] Wrote q8_usb-0.AO expire analog expiration states.
2020-12-08 16:33:22.028 VERB  [39704] Wrote q8_usb-0.AO analog output ranges.
2020-12-08 16:33:22.028 VERB  [39704] Set q8_usb-0.DO channels [0, 1, 2, 3, 4, 5, 6, 7] directions to outputs.
2020-12-08 16:33:22.028 VERB  [39704] Wrote q8_usb-0.DO digital output expiration sates.
2020-12-08 16:33:22.039 VERB  [39704] Set q8_usb-0 options to: ""
2020-12-08 16:33:22.049 VERB  [39704] Wrote q8_usb-0.encoder quadrature factors.
2020-12-08 16:33:22.050 VERB  [39704] Stopped watchdog on q8_usb-0.watchdog.
2020-12-08 16:33:22.050 VERB  [39704] Cleared watchdog on q8_usb-0.watchdog.
2020-12-08 16:33:22.050 INFO  [39704] Opened q8_usb-0
2020-12-08 16:33:22.050 VERB  [39704] Enabled q8_usb-0
2020-12-08 16:33:44.952 VERB  [39704] Wrote q8_usb-0.encoder encoder counts.
2020-12-08 16:33:44.963 VERB  [39704] Wrote q8_usb-0.encoder encoder counts.
2020-12-08 16:34:59.714 VERB  [39704] Wrote q8_usb-0.encoder encoder counts.
2020-12-08 16:34:59.724 VERB  [39704] Wrote q8_usb-0.encoder encoder counts.
